d:\diverse\openglframework\frameworksln\framework\bin-int\x64-debug\framework\vc143.pdb
d:\diverse\openglframework\frameworksln\framework\bin-int\x64-debug\framework\vc143.idb
d:\diverse\openglframework\frameworksln\framework\bin-int\x64-debug\framework\texture_manager.obj
d:\diverse\openglframework\frameworksln\framework\bin-int\x64-debug\framework\texture_2d.obj
d:\diverse\openglframework\frameworksln\framework\bin-int\x64-debug\framework\demo.obj
d:\diverse\openglframework\frameworksln\framework\bin-int\x64-debug\framework\scene.obj
d:\diverse\openglframework\frameworksln\framework\bin-int\x64-debug\framework\world.obj
d:\diverse\openglframework\frameworksln\framework\bin-int\x64-debug\framework\shape_manager.obj
d:\diverse\openglframework\frameworksln\framework\bin-int\x64-debug\framework\window_callbacks.obj
d:\diverse\openglframework\frameworksln\framework\bin-int\x64-debug\framework\window.obj
d:\diverse\openglframework\frameworksln\framework\bin-int\x64-debug\framework\main.obj
d:\diverse\openglframework\frameworksln\framework\bin-int\x64-debug\framework\logger.obj
d:\diverse\openglframework\frameworksln\framework\bin-int\x64-debug\framework\input_controller.obj
d:\diverse\openglframework\frameworksln\framework\bin-int\x64-debug\framework\engine.obj
d:\diverse\openglframework\frameworksln\framework\bin-int\x64-debug\framework\shader.obj
d:\diverse\openglframework\frameworksln\framework\bin-int\x64-debug\framework\scene_input.obj
d:\diverse\openglframework\frameworksln\framework\bin-int\x64-debug\framework\mesh.obj
d:\diverse\openglframework\frameworksln\framework\bin-int\x64-debug\framework\camera.obj
d:\diverse\openglframework\frameworksln\framework\bin-int\x64-debug\framework\camera_input.obj
d:\diverse\openglframework\frameworksln\framework\bin-int\x64-debug\framework\file_manager.obj
d:\diverse\openglframework\frameworksln\framework\bin-int\x64-debug\framework\glad.obj
d:\diverse\openglframework\frameworksln\framework\bin\x64-debug\framework\framework.exe
d:\diverse\openglframework\frameworksln\framework\bin-int\x64-debug\framework\framework.ilk
d:\diverse\openglframework\frameworksln\framework\bin\x64-debug\framework\framework.pdb
d:\diverse\openglframework\frameworksln\framework\bin-int\x64-debug\framework\framework.vcxproj.filelistabsolute.txt
d:\diverse\openglframework\frameworksln\framework\bin-int\x64-debug\framework\framework.tlog\cl.command.1.tlog
d:\diverse\openglframework\frameworksln\framework\bin-int\x64-debug\framework\framework.tlog\cl.read.1.tlog
d:\diverse\openglframework\frameworksln\framework\bin-int\x64-debug\framework\framework.tlog\cl.write.1.tlog
d:\diverse\openglframework\frameworksln\framework\bin-int\x64-debug\framework\framework.tlog\link.command.1.tlog
d:\diverse\openglframework\frameworksln\framework\bin-int\x64-debug\framework\framework.tlog\link.read.1.tlog
d:\diverse\openglframework\frameworksln\framework\bin-int\x64-debug\framework\framework.tlog\link.write.1.tlog
